Building DAG of jobs...
Using shell: /bin/bash
Provided cores: 1 (use --cores to define parallelism)
Rules claiming more threads will be scaled down.
Job stats:
job       count    min threads    max threads
------  -------  -------------  -------------
all           1              1              1
export        1              1              1
refine        1              1              1
traits        1              1              1
tree          1              1              1
total         5              1              1

Select jobs to execute...

[Thu Aug 19 13:39:21 2021]
rule tree:
    input: data/allseqs.fasta, data/reference.fasta
    output: results/tree_raw.nwk
    jobid: 3
    resources: tmpdir=/var/folders/0k/d2dh04j55mbgzhttclt2by640000gp/T

[Thu Aug 19 13:39:24 2021]
Error in rule tree:
    jobid: 3
    output: results/tree_raw.nwk
    shell:
        
        augur tree --vcf-reference data/reference.fasta             --method iqtree             --output results/tree_raw.nwk
        
        (one of the commands exited with non-zero exit code; note that snakemake uses bash strict mode!)

Shutting down, this might take some time.
Exiting because a job execution failed. Look above for error message
Complete log: /Users/naomi.rankin/sampling_bias/.snakemake/log/2021-08-19T133920.068718.snakemake.log
