Building DAG of jobs...
Using shell: /bin/bash
Provided cores: 1 (use --cores to define parallelism)
Rules claiming more threads will be scaled down.
Job stats:
job       count    min threads    max threads
------  -------  -------------  -------------
align         1              1              1
all           1              1              1
export        1              1              1
refine        1              1              1
traits        1              1              1
tree          1              1              1
total         6              1              1

Select jobs to execute...

[Thu Aug 19 16:43:09 2021]
Job 4: 
        Aligning sequences to data/reference.fasta
          - filling gaps with N
        

RuleException in line 21 of /Users/naomi.rankin/sampling_bias/Snakefile:
'OutputFiles' object has no attribute 'alin'
  File "/opt/anaconda3/envs/nextstrain/lib/python3.8/site-packages/snakemake/executors/__init__.py", line 149, in run_jobs
  File "/opt/anaconda3/envs/nextstrain/lib/python3.8/site-packages/snakemake/executors/__init__.py", line 463, in run
  File "/opt/anaconda3/envs/nextstrain/lib/python3.8/site-packages/snakemake/executors/__init__.py", line 243, in _run
  File "/opt/anaconda3/envs/nextstrain/lib/python3.8/site-packages/snakemake/executors/__init__.py", line 169, in _run
  File "/opt/anaconda3/envs/nextstrain/lib/python3.8/site-packages/snakemake/executors/__init__.py", line 175, in printjob
