Building DAG of jobs...
Using shell: /bin/bash
Provided cores: 1 (use --cores to define parallelism)
Rules claiming more threads will be scaled down.
Job stats:
job       count    min threads    max threads
------  -------  -------------  -------------
align         1              1              1
all           1              1              1
export        1              1              1
traits        1              1              1
tree          1              1              1
total         5              1              1

Select jobs to execute...

[Thu Aug 19 15:39:13 2021]
Job 3: 
        Aligning sequences to data/reference.fasta
          - filling gaps with N
        

[Thu Aug 19 15:39:58 2021]
Finished job 3.
1 of 5 steps (20%) done
Select jobs to execute...

[Thu Aug 19 15:39:58 2021]
rule tree:
    input: results/aligned.fasta, data/allseqs.fasta, data/reference.fasta
    output: results/tree_raw.nwk
    jobid: 2
    resources: tmpdir=/var/folders/0k/d2dh04j55mbgzhttclt2by640000gp/T

[Thu Aug 19 15:40:01 2021]
Finished job 2.
2 of 5 steps (40%) done
Select jobs to execute...

[Thu Aug 19 15:40:01 2021]
rule traits:
    input: results/tree_raw.nwk, data/background.tsv
    output: results/traits.json
    jobid: 4
    resources: tmpdir=/var/folders/0k/d2dh04j55mbgzhttclt2by640000gp/T

[Thu Aug 19 15:40:05 2021]
Finished job 4.
3 of 5 steps (60%) done
Select jobs to execute...

[Thu Aug 19 15:40:05 2021]
rule export:
    input: results/tree_raw.nwk, data/background.tsv, results/traits.json, configs/colors.tsv, configs/aus_config.json
    output: auspice/genseq.json
    jobid: 1
    resources: tmpdir=/var/folders/0k/d2dh04j55mbgzhttclt2by640000gp/T

[Thu Aug 19 15:40:07 2021]
Error in rule export:
    jobid: 1
    output: auspice/genseq.json
    shell:
        
        augur export v2             --tree results/tree_raw.nwk             --metadata data/background.tsv             --node-data results/traits.json              --auspice-config configs/aus_config.json             --colors configs/colors.tsv             --output auspice/genseq.json         
        (one of the commands exited with non-zero exit code; note that snakemake uses bash strict mode!)

Removing output files of failed job export since they might be corrupted:
auspice/genseq.json
Shutting down, this might take some time.
Exiting because a job execution failed. Look above for error message
Complete log: /Users/naomi.rankin/sampling_bias/.snakemake/log/2021-08-19T153913.065215.snakemake.log
