Building DAG of jobs...
Using shell: /bin/bash
Provided cores: 1 (use --cores to define parallelism)
Rules claiming more threads will be scaled down.
Job stats:
job       count    min threads    max threads
------  -------  -------------  -------------
all           1              1              1
export        1              1              1
refine        1              1              1
traits        1              1              1
total         4              1              1

Select jobs to execute...

[Fri Aug 20 10:49:44 2021]
rule refine:
    input: results/tree_raw.nwk, results/aligned.fasta, data/background.tsv, data/reference.fasta
    output: results/tree.nwk, results/branch_lengths.json
    jobid: 2
    resources: tmpdir=/var/folders/0k/d2dh04j55mbgzhttclt2by640000gp/T

[Fri Aug 20 10:50:14 2021]
Finished job 2.
1 of 4 steps (25%) done
Select jobs to execute...

[Fri Aug 20 10:50:14 2021]
rule traits:
    input: results/tree.nwk, data/background.tsv
    output: results/traits.json
    jobid: 5
    resources: tmpdir=/var/folders/0k/d2dh04j55mbgzhttclt2by640000gp/T

[Fri Aug 20 10:50:17 2021]
Finished job 5.
2 of 4 steps (50%) done
Select jobs to execute...

[Fri Aug 20 10:50:17 2021]
rule export:
    input: results/tree.nwk, data/background.tsv, results/branch_lengths.json, results/traits.json, configs/colors.tsv, configs/aus_config.json, configs/latlong.tsv
    output: auspice/genomic_sampling.json
    jobid: 1
    resources: tmpdir=/var/folders/0k/d2dh04j55mbgzhttclt2by640000gp/T

[Fri Aug 20 10:50:19 2021]
Finished job 1.
3 of 4 steps (75%) done
Select jobs to execute...

[Fri Aug 20 10:50:19 2021]
localrule all:
    input: auspice/genomic_sampling.json
    jobid: 0
    resources: tmpdir=/var/folders/0k/d2dh04j55mbgzhttclt2by640000gp/T

[Fri Aug 20 10:50:19 2021]
Finished job 0.
4 of 4 steps (100%) done
Complete log: /Users/naomi.rankin/sampling_bias/.snakemake/log/2021-08-20T104943.505047.snakemake.log
