Building DAG of jobs...
Using shell: /bin/bash
Provided cores: 1 (use --cores to define parallelism)
Rules claiming more threads will be scaled down.
Job stats:
job       count    min threads    max threads
------  -------  -------------  -------------
all           1              1              1
export        1              1              1
traits        1              1              1
total         3              1              1

Select jobs to execute...

[Thu Aug 19 15:23:47 2021]
rule traits:
    input: results/tree_raw.nwk, data/background.tsv
    output: results/traits.json
    jobid: 4
    resources: tmpdir=/var/folders/0k/d2dh04j55mbgzhttclt2by640000gp/T

[Thu Aug 19 15:23:50 2021]
Finished job 4.
1 of 3 steps (33%) done
Select jobs to execute...

[Thu Aug 19 15:23:50 2021]
rule export:
    input: results/tree_raw.nwk, data/background.tsv, results/traits.json, configs/colors.tsv, configs/aus_config.json
    output: auspice/genseq.json
    jobid: 1
    resources: tmpdir=/var/folders/0k/d2dh04j55mbgzhttclt2by640000gp/T

[Thu Aug 19 15:23:52 2021]
Error in rule export:
    jobid: 1
    output: auspice/genseq.json
    shell:
        
        augur export v2             --tree results/tree_raw.nwk             --metadata data/background.tsv             --node-data results/traits.json              --auspice-config configs/aus_config.json             --colors configs/colors.tsv             --output auspice/genseq.json         
        (one of the commands exited with non-zero exit code; note that snakemake uses bash strict mode!)

Shutting down, this might take some time.
Exiting because a job execution failed. Look above for error message
Complete log: /Users/naomi.rankin/sampling_bias/.snakemake/log/2021-08-19T152346.564260.snakemake.log
